Using pre-set license
Built from '2022.3/staging' branch; Version is '2022.3.30f1 (70558241b701) revision 7361922'; Using compiler version '192829333'; Build Type 'Release'
OS: 'Windows 11  (10.0.22631) 64bit Professional' Language: 'ru' Physical Memory: 15581 MB
BatchMode: 1, IsHumanControllingUs: 0, StartBugReporterOnCrash: 0, Is64bit: 1, IsPro: 1

COMMAND LINE ARGUMENTS:
C:\Program Files\Unity\Hub\Editor\2022.3.30f1\Editor\Unity.exe
-adb2
-batchMode
-noUpm
-name
AssetImportWorker14
-projectPath
C:/Users/Miguel/Documents/GitHub/SecretGame/SecretGame
-logFile
Logs/AssetImportWorker14.log
-srvPort
51075
Successfully changed project path to: C:/Users/Miguel/Documents/GitHub/SecretGame/SecretGame
C:/Users/Miguel/Documents/GitHub/SecretGame/SecretGame
[UnityMemory] Configuration Parameters - Can be set up in boot.config
    "memorysetup-bucket-allocator-granularity=16"
    "memorysetup-bucket-allocator-bucket-count=8"
    "memorysetup-bucket-allocator-block-size=33554432"
    "memorysetup-bucket-allocator-block-count=8"
    "memorysetup-main-allocator-block-size=16777216"
    "memorysetup-thread-allocator-block-size=16777216"
    "memorysetup-gfx-main-allocator-block-size=16777216"
    "memorysetup-gfx-thread-allocator-block-size=16777216"
    "memorysetup-cache-allocator-block-size=4194304"
    "memorysetup-typetree-allocator-block-size=2097152"
    "memorysetup-profiler-bucket-allocator-granularity=16"
    "memorysetup-profiler-bucket-allocator-bucket-count=8"
    "memorysetup-profiler-bucket-allocator-block-size=33554432"
    "memorysetup-profiler-bucket-allocator-block-count=8"
    "memorysetup-profiler-allocator-block-size=16777216"
    "memorysetup-profiler-editor-allocator-block-size=1048576"
    "memorysetup-temp-allocator-size-main=16777216"
    "memorysetup-job-temp-allocator-block-size=2097152"
    "memorysetup-job-temp-allocator-block-size-background=1048576"
    "memorysetup-job-temp-allocator-reduction-small-platforms=262144"
    "memorysetup-allocator-temp-initial-block-size-main=262144"
    "memorysetup-allocator-temp-initial-block-size-worker=262144"
    "memorysetup-temp-allocator-size-background-worker=32768"
    "memorysetup-temp-allocator-size-job-worker=262144"
    "memorysetup-temp-allocator-size-preload-manager=33554432"
    "memorysetup-temp-allocator-size-nav-mesh-worker=65536"
    "memorysetup-temp-allocator-size-audio-worker=65536"
    "memorysetup-temp-allocator-size-cloud-worker=32768"
    "memorysetup-temp-allocator-size-gi-baking-worker=262144"
    "memorysetup-temp-allocator-size-gfx=262144"
Player connection [15172] Host "[IP] 192.168.1.35 [Port] 0 [Flags] 2 [Guid] 3252472948 [EditorId] 3252472948 [Version] 1048832 [Id] WindowsEditor(7,DESKTOP-FV6FI5A) [Debug] 1 [PackageName] WindowsEditor [ProjectName] Editor" joined multi-casting on [225.0.0.222:54997]...

Player connection [15172] Host "[IP] 192.168.1.35 [Port] 0 [Flags] 2 [Guid] 3252472948 [EditorId] 3252472948 [Version] 1048832 [Id] WindowsEditor(7,DESKTOP-FV6FI5A) [Debug] 1 [PackageName] WindowsEditor [ProjectName] Editor" joined alternative multi-casting on [225.0.0.222:34997]...

[Physics::Module] Initialized MultithreadedJobDispatcher with 15 workers.
Refreshing native plugins compatible for Editor in 221.20 ms, found 4 plugins.
Preloading 0 native plugins for Editor in 0.00 ms.
Initialize engine version: 2022.3.30f1 (70558241b701)
[Subsystems] Discovering subsystems at path C:/Program Files/Unity/Hub/Editor/2022.3.30f1/Editor/Data/Resources/UnitySubsystems
[Subsystems] Discovering subsystems at path C:/Users/Miguel/Documents/GitHub/SecretGame/SecretGame/Assets
GfxDevice: creating device client; threaded=0; jobified=0
Direct3D:
    Version:  Direct3D 11.0 [level 11.1]
    Renderer: NVIDIA GeForce RTX 4050 Laptop GPU (ID=0x28a1)
    Vendor:   NVIDIA
    VRAM:     5921 MB
    Driver:   32.0.15.5585
Initialize mono
Mono path[0] = 'C:/Program Files/Unity/Hub/Editor/2022.3.30f1/Editor/Data/Managed'
Mono path[1] = 'C:/Program Files/Unity/Hub/Editor/2022.3.30f1/Editor/Data/MonoBleedingEdge/lib/mono/unityjit-win32'
Mono config path = 'C:/Program Files/Unity/Hub/Editor/2022.3.30f1/Editor/Data/MonoBleedingEdge/etc'
Using monoOptions --debugger-agent=transport=dt_socket,embedding=1,server=y,suspend=n,address=127.0.0.1:56716
Begin MonoManager ReloadAssembly
Registering precompiled unity dll's ...
Register platform support module: C:/Program Files/Unity/Hub/Editor/2022.3.30f1/Editor/Data/PlaybackEngines/WebGLSupport/UnityEditor.WebGL.Extensions.dll
Register platform support module: C:/Program Files/Unity/Hub/Editor/2022.3.30f1/Editor/Data/PlaybackEngines/WindowsStandaloneSupport/UnityEditor.WindowsStandalone.Extensions.dll
Registered in 0.007637 seconds.
- Loaded All Assemblies, in  1.025 seconds
Native extension for WindowsStandalone target not found
Native extension for WebGL target not found
Mono: successfully reloaded assembly
- Finished resetting the current domain, in  0.181 seconds
Domain Reload Profiling: 1205ms
	BeginReloadAssembly (75ms)
		ExecutionOrderSort (0ms)
		DisableScriptedObjects (0ms)
		BackupInstance (0ms)
		ReleaseScriptingObjects (0ms)
		CreateAndSetChildDomain (1ms)
	RebuildCommonClasses (209ms)
	RebuildNativeTypeToScriptingClass (7ms)
	initialDomainReloadingComplete (46ms)
	LoadAllAssembliesAndSetupDomain (686ms)
		LoadAssemblies (74ms)
		RebuildTransferFunctionScriptingTraits (0ms)
		AnalyzeDomain (684ms)
			TypeCache.Refresh (683ms)
				TypeCache.ScanAssembly (668ms)
			ScanForSourceGeneratedMonoScriptInfo (0ms)
			ResolveRequiredComponents (0ms)
	FinalizeReload (182ms)
		ReleaseScriptCaches (0ms)
		RebuildScriptCaches (0ms)
		SetupLoadedEditorAssemblies (145ms)
			LogAssemblyErrors (0ms)
			InitializePlatformSupportModulesInManaged (6ms)
			SetLoadedEditorAssemblies (4ms)
			RefreshPlugins (0ms)
			BeforeProcessingInitializeOnLoad (1ms)
			ProcessInitializeOnLoadAttributes (100ms)
			ProcessInitializeOnLoadMethodAttributes (34ms)
			AfterProcessingInitializeOnLoad (0ms)
			EditorAssembliesLoaded (0ms)
		ExecutionOrderSort2 (0ms)
		AwakeInstancesAfterBackupRestoration (0ms)
========================================================================
Worker process is ready to serve import requests
Begin MonoManager ReloadAssembly
- Loaded All Assemblies, in  0.809 seconds
Refreshing native plugins compatible for Editor in 7.30 ms, found 4 plugins.
Native extension for WindowsStandalone target not found
Native extension for WebGL target not found
Package Manager log level set to [2]
[Package Manager] Server::EnsureServerProcessIsRunning -- launch failed, reason: Unity was launched with the -noUpm command-line argument
[Package Manager] UpmClient::Send -- Unable to send message (not connected to UPM process).
[Package Manager] Cannot connect to Unity Package Manager local server
Mono: successfully reloaded assembly
- Finished resetting the current domain, in  0.561 seconds
Domain Reload Profiling: 1364ms
	BeginReloadAssembly (122ms)
		ExecutionOrderSort (0ms)
		DisableScriptedObjects (3ms)
		BackupInstance (0ms)
		ReleaseScriptingObjects (0ms)
		CreateAndSetChildDomain (27ms)
	RebuildCommonClasses (21ms)
	RebuildNativeTypeToScriptingClass (7ms)
	initialDomainReloadingComplete (29ms)
	LoadAllAssembliesAndSetupDomain (625ms)
		LoadAssemblies (461ms)
		RebuildTransferFunctionScriptingTraits (0ms)
		AnalyzeDomain (226ms)
			TypeCache.Refresh (200ms)
				TypeCache.ScanAssembly (121ms)
			ScanForSourceGeneratedMonoScriptInfo (18ms)
			ResolveRequiredComponents (7ms)
	FinalizeReload (561ms)
		ReleaseScriptCaches (0ms)
		RebuildScriptCaches (0ms)
		SetupLoadedEditorAssemblies (435ms)
			LogAssemblyErrors (0ms)
			InitializePlatformSupportModulesInManaged (6ms)
			SetLoadedEditorAssemblies (4ms)
			RefreshPlugins (0ms)
			BeforeProcessingInitializeOnLoad (74ms)
			ProcessInitializeOnLoadAttributes (278ms)
			ProcessInitializeOnLoadMethodAttributes (61ms)
			AfterProcessingInitializeOnLoad (12ms)
			EditorAssembliesLoaded (0ms)
		ExecutionOrderSort2 (0ms)
		AwakeInstancesAfterBackupRestoration (4ms)
Launched and connected shader compiler UnityShaderCompiler.exe after 0.11 seconds
Refreshing native plugins compatible for Editor in 12.36 ms, found 4 plugins.
Preloading 0 native plugins for Editor in 0.00 ms.
Unloading 5870 Unused Serialized files (Serialized files now loaded: 0)
Unloading 114 unused Assets / (1.0 MB). Loaded Objects now: 6314.
Memory consumption went from 226.2 MB to 225.2 MB.
Total: 4.346600 ms (FindLiveObjects: 0.733200 ms CreateObjectMapping: 0.202700 ms MarkObjects: 2.921300 ms  DeleteObjects: 0.488200 ms)

AssetImportParameters requested are different than current active one (requested -> active):
  custom:container-demuxer-ogg: 62fdf1f143b41e24485cea50d1cbac27 -> 
  custom:video-codec-MediaFoundation-h265: 746d11721c4dcdbdad8f713fa42b33f4 -> 
  custom:video-decoder-ogg-theora: a1e56fd34408186e4bbccfd4996cb3dc -> 
  custom:framework-win-MediaFoundation: 216162199b28c13a410421893ffa2e32 -> 
  custom:CustomObjectIndexerAttribute: 72b91833f83ae208fae7752999fa3104 -> 
  custom:container-demuxer-webm: 4f35f7cbe854078d1ac9338744f61a02 -> 
  custom:container-muxer-webm: aa71ff27fc2769a1b78a27578f13a17b -> 
  custom:video-decoder-webm-vp8: 9c59270c3fd7afecdb556c50c9e8de78 -> 
  custom:SearchIndexIgnoredProperties: e643bd26f0fe6173181afceb89e7c659 -> 
  custom:AudioImporter_EditorPlatform: d09bf68614088b80899f8185d706f6e7 -> 
  custom:video-encoder-webm-vp8: eb34c28f22e8b96e1ab97ce403110664 -> 
  custom:audio-decoder-ogg-vorbis: bf7c407c2cedff20999df2af8eb42d56 -> 
  custom:audio-encoder-webm-vorbis: bf7c407c2cedff20999df2af8eb42d56 -> 
========================================================================
Received Import Request.
  Time since last request: 1069090.492252 seconds.
  path: Assets/Sprites/Tutorial/Page_4.png
  artifactKey: Guid(3138b32336268734daf97846b091ceac) Importer(815301076,1909f56bfc062723c751e8b465ee728b)
Start importing Assets/Sprites/Tutorial/Page_4.png using Guid(3138b32336268734daf97846b091ceac) Importer(815301076,1909f56bfc062723c751e8b465ee728b)  -> (artifact id: 'a29dee96b189de50d342cdbd65a6db63') in 0.122614 seconds
Number of updated asset objects reloaded before import = 0
Number of asset objects unloaded after import = 3
========================================================================
Received Import Request.
  Time since last request: 6.087999 seconds.
  path: Assets/Sprites/Tutorial/Page_4.png
  artifactKey: Guid(3138b32336268734daf97846b091ceac) Importer(815301076,1909f56bfc062723c751e8b465ee728b)
Start importing Assets/Sprites/Tutorial/Page_4.png using Guid(3138b32336268734daf97846b091ceac) Importer(815301076,1909f56bfc062723c751e8b465ee728b)  -> (artifact id: 'f21fd2d53bde6842a8da89857a61b4de') in 0.051472 seconds
Number of updated asset objects reloaded before import = 0
Number of asset objects unloaded after import = 3
========================================================================
Received Import Request.
  Time since last request: 0.000021 seconds.
  path: Assets/Sprites/Tutorial/Page_6.png
  artifactKey: Guid(0c1cf5d0089d4494fa1431ef90cd9f1f) Importer(815301076,1909f56bfc062723c751e8b465ee728b)
Start importing Assets/Sprites/Tutorial/Page_6.png using Guid(0c1cf5d0089d4494fa1431ef90cd9f1f) Importer(815301076,1909f56bfc062723c751e8b465ee728b)  -> (artifact id: '70b1d33354d513a83c7b308ebffb8b74') in 0.033855 seconds
Number of updated asset objects reloaded before import = 0
Number of asset objects unloaded after import = 3
========================================================================
Received Prepare
Begin MonoManager ReloadAssembly
- Loaded All Assemblies, in  0.451 seconds
Refreshing native plugins compatible for Editor in 4.11 ms, found 4 plugins.
Native extension for WindowsStandalone target not found
Native extension for WebGL target not found
[Package Manager] Server::EnsureServerProcessIsRunning -- launch failed, reason: Unity was launched with the -noUpm command-line argument
[Package Manager] UpmClient::Send -- Unable to send message (not connected to UPM process).
[Package Manager] Cannot connect to Unity Package Manager local server
Mono: successfully reloaded assembly
- Finished resetting the current domain, in  2.300 seconds
Domain Reload Profiling: 2748ms
	BeginReloadAssembly (144ms)
		ExecutionOrderSort (0ms)
		DisableScriptedObjects (9ms)
		BackupInstance (0ms)
		ReleaseScriptingObjects (0ms)
		CreateAndSetChildDomain (43ms)
	RebuildCommonClasses (24ms)
	RebuildNativeTypeToScriptingClass (9ms)
	initialDomainReloadingComplete (24ms)
	LoadAllAssembliesAndSetupDomain (245ms)
		LoadAssemblies (296ms)
		RebuildTransferFunctionScriptingTraits (0ms)
		AnalyzeDomain (14ms)
			TypeCache.Refresh (4ms)
				TypeCache.ScanAssembly (0ms)
			ScanForSourceGeneratedMonoScriptInfo (0ms)
			ResolveRequiredComponents (8ms)
	FinalizeReload (2300ms)
		ReleaseScriptCaches (0ms)
		RebuildScriptCaches (0ms)
		SetupLoadedEditorAssemblies (532ms)
			LogAssemblyErrors (0ms)
			InitializePlatformSupportModulesInManaged (7ms)
			SetLoadedEditorAssemblies (5ms)
			RefreshPlugins (0ms)
			BeforeProcessingInitializeOnLoad (87ms)
			ProcessInitializeOnLoadAttributes (357ms)
			ProcessInitializeOnLoadMethodAttributes (69ms)
			AfterProcessingInitializeOnLoad (6ms)
			EditorAssembliesLoaded (0ms)
		ExecutionOrderSort2 (0ms)
		AwakeInstancesAfterBackupRestoration (15ms)
Refreshing native plugins compatible for Editor in 7.93 ms, found 4 plugins.
Preloading 0 native plugins for Editor in 0.00 ms.
Unloading 5718 Unused Serialized files (Serialized files now loaded: 0)
Unloading 65 unused Assets / (0.9 MB). Loaded Objects now: 6338.
Memory consumption went from 204.1 MB to 203.1 MB.
Total: 5.559200 ms (FindLiveObjects: 0.547700 ms CreateObjectMapping: 0.369700 ms MarkObjects: 4.025100 ms  DeleteObjects: 0.615200 ms)

Prepare: number of updated asset objects reloaded= 0
AssetImportParameters requested are different than current active one (requested -> active):
  custom:container-demuxer-ogg: 62fdf1f143b41e24485cea50d1cbac27 -> 
  custom:video-codec-MediaFoundation-h265: 746d11721c4dcdbdad8f713fa42b33f4 -> 
  custom:video-decoder-ogg-theora: a1e56fd34408186e4bbccfd4996cb3dc -> 
  custom:framework-win-MediaFoundation: 216162199b28c13a410421893ffa2e32 -> 
  custom:CustomObjectIndexerAttribute: 72b91833f83ae208fae7752999fa3104 -> 
  custom:container-demuxer-webm: 4f35f7cbe854078d1ac9338744f61a02 -> 
  custom:container-muxer-webm: aa71ff27fc2769a1b78a27578f13a17b -> 
  custom:video-decoder-webm-vp8: 9c59270c3fd7afecdb556c50c9e8de78 -> 
  custom:SearchIndexIgnoredProperties: e643bd26f0fe6173181afceb89e7c659 -> 
  custom:AudioImporter_EditorPlatform: d09bf68614088b80899f8185d706f6e7 -> 
  custom:video-encoder-webm-vp8: eb34c28f22e8b96e1ab97ce403110664 -> 
  custom:audio-decoder-ogg-vorbis: bf7c407c2cedff20999df2af8eb42d56 -> 
  custom:audio-encoder-webm-vorbis: bf7c407c2cedff20999df2af8eb42d56 -> 
========================================================================
Received Prepare
Begin MonoManager ReloadAssembly
- Loaded All Assemblies, in  0.389 seconds
Refreshing native plugins compatible for Editor in 5.92 ms, found 4 plugins.
Native extension for WindowsStandalone target not found
Native extension for WebGL target not found
[Package Manager] Server::EnsureServerProcessIsRunning -- launch failed, reason: Unity was launched with the -noUpm command-line argument
[Package Manager] UpmClient::Send -- Unable to send message (not connected to UPM process).
[Package Manager] Cannot connect to Unity Package Manager local server
Mono: successfully reloaded assembly
- Finished resetting the current domain, in  1.150 seconds
Domain Reload Profiling: 1536ms
	BeginReloadAssembly (135ms)
		ExecutionOrderSort (0ms)
		DisableScriptedObjects (7ms)
		BackupInstance (0ms)
		ReleaseScriptingObjects (0ms)
		CreateAndSetChildDomain (45ms)
	RebuildCommonClasses (25ms)
	RebuildNativeTypeToScriptingClass (7ms)
	initialDomainReloadingComplete (23ms)
	LoadAllAssembliesAndSetupDomain (196ms)
		LoadAssemblies (237ms)
		RebuildTransferFunctionScriptingTraits (0ms)
		AnalyzeDomain (13ms)
			TypeCache.Refresh (4ms)
				TypeCache.ScanAssembly (0ms)
			ScanForSourceGeneratedMonoScriptInfo (0ms)
			ResolveRequiredComponents (9ms)
	FinalizeReload (1151ms)
		ReleaseScriptCaches (0ms)
		RebuildScriptCaches (0ms)
		SetupLoadedEditorAssemblies (388ms)
			LogAssemblyErrors (0ms)
			InitializePlatformSupportModulesInManaged (5ms)
			SetLoadedEditorAssemblies (4ms)
			RefreshPlugins (0ms)
			BeforeProcessingInitializeOnLoad (67ms)
			ProcessInitializeOnLoadAttributes (258ms)
			ProcessInitializeOnLoadMethodAttributes (48ms)
			AfterProcessingInitializeOnLoad (6ms)
			EditorAssembliesLoaded (0ms)
		ExecutionOrderSort2 (0ms)
		AwakeInstancesAfterBackupRestoration (10ms)
Refreshing native plugins compatible for Editor in 4.58 ms, found 4 plugins.
Preloading 0 native plugins for Editor in 0.00 ms.
Unloading 5718 Unused Serialized files (Serialized files now loaded: 0)
Unloading 65 unused Assets / (0.9 MB). Loaded Objects now: 6355.
Memory consumption went from 204.1 MB to 203.2 MB.
Total: 3.591200 ms (FindLiveObjects: 0.536900 ms CreateObjectMapping: 0.146600 ms MarkObjects: 2.464500 ms  DeleteObjects: 0.441900 ms)

Prepare: number of updated asset objects reloaded= 0
AssetImportParameters requested are different than current active one (requested -> active):
  custom:container-demuxer-ogg: 62fdf1f143b41e24485cea50d1cbac27 -> 
  custom:video-codec-MediaFoundation-h265: 746d11721c4dcdbdad8f713fa42b33f4 -> 
  custom:video-decoder-ogg-theora: a1e56fd34408186e4bbccfd4996cb3dc -> 
  custom:framework-win-MediaFoundation: 216162199b28c13a410421893ffa2e32 -> 
  custom:CustomObjectIndexerAttribute: 72b91833f83ae208fae7752999fa3104 -> 
  custom:container-demuxer-webm: 4f35f7cbe854078d1ac9338744f61a02 -> 
  custom:container-muxer-webm: aa71ff27fc2769a1b78a27578f13a17b -> 
  custom:video-decoder-webm-vp8: 9c59270c3fd7afecdb556c50c9e8de78 -> 
  custom:SearchIndexIgnoredProperties: e643bd26f0fe6173181afceb89e7c659 -> 
  custom:AudioImporter_EditorPlatform: d09bf68614088b80899f8185d706f6e7 -> 
  custom:video-encoder-webm-vp8: eb34c28f22e8b96e1ab97ce403110664 -> 
  custom:audio-decoder-ogg-vorbis: bf7c407c2cedff20999df2af8eb42d56 -> 
  custom:audio-encoder-webm-vorbis: bf7c407c2cedff20999df2af8eb42d56 -> 
========================================================================
Received Prepare
Begin MonoManager ReloadAssembly
- Loaded All Assemblies, in  0.432 seconds
Refreshing native plugins compatible for Editor in 4.44 ms, found 4 plugins.
Native extension for WindowsStandalone target not found
Native extension for WebGL target not found
[Package Manager] Server::EnsureServerProcessIsRunning -- launch failed, reason: Unity was launched with the -noUpm command-line argument
[Package Manager] UpmClient::Send -- Unable to send message (not connected to UPM process).
[Package Manager] Cannot connect to Unity Package Manager local server
Mono: successfully reloaded assembly
- Finished resetting the current domain, in  1.857 seconds
Domain Reload Profiling: 2286ms
	BeginReloadAssembly (130ms)
		ExecutionOrderSort (0ms)
		DisableScriptedObjects (7ms)
		BackupInstance (0ms)
		ReleaseScriptingObjects (0ms)
		CreateAndSetChildDomain (42ms)
	RebuildCommonClasses (20ms)
	RebuildNativeTypeToScriptingClass (7ms)
	initialDomainReloadingComplete (21ms)
	LoadAllAssembliesAndSetupDomain (249ms)
		LoadAssemblies (269ms)
		RebuildTransferFunctionScriptingTraits (0ms)
		AnalyzeDomain (35ms)
			TypeCache.Refresh (8ms)
				TypeCache.ScanAssembly (0ms)
			ScanForSourceGeneratedMonoScriptInfo (17ms)
			ResolveRequiredComponents (9ms)
	FinalizeReload (1857ms)
		ReleaseScriptCaches (0ms)
		RebuildScriptCaches (0ms)
		SetupLoadedEditorAssemblies (375ms)
			LogAssemblyErrors (0ms)
			InitializePlatformSupportModulesInManaged (6ms)
			SetLoadedEditorAssemblies (4ms)
			RefreshPlugins (0ms)
			BeforeProcessingInitializeOnLoad (64ms)
			ProcessInitializeOnLoadAttributes (251ms)
			ProcessInitializeOnLoadMethodAttributes (44ms)
			AfterProcessingInitializeOnLoad (6ms)
			EditorAssembliesLoaded (0ms)
		ExecutionOrderSort2 (0ms)
		AwakeInstancesAfterBackupRestoration (10ms)
Refreshing native plugins compatible for Editor in 4.02 ms, found 4 plugins.
Preloading 0 native plugins for Editor in 0.00 ms.
Unloading 5718 Unused Serialized files (Serialized files now loaded: 0)
Unloading 65 unused Assets / (0.9 MB). Loaded Objects now: 6372.
Memory consumption went from 204.1 MB to 203.2 MB.
Total: 3.371300 ms (FindLiveObjects: 0.519500 ms CreateObjectMapping: 0.116000 ms MarkObjects: 2.329000 ms  DeleteObjects: 0.405800 ms)

Prepare: number of updated asset objects reloaded= 0
AssetImportParameters requested are different than current active one (requested -> active):
  custom:container-demuxer-ogg: 62fdf1f143b41e24485cea50d1cbac27 -> 
  custom:video-codec-MediaFoundation-h265: 746d11721c4dcdbdad8f713fa42b33f4 -> 
  custom:video-decoder-ogg-theora: a1e56fd34408186e4bbccfd4996cb3dc -> 
  custom:framework-win-MediaFoundation: 216162199b28c13a410421893ffa2e32 -> 
  custom:CustomObjectIndexerAttribute: 72b91833f83ae208fae7752999fa3104 -> 
  custom:container-demuxer-webm: 4f35f7cbe854078d1ac9338744f61a02 -> 
  custom:container-muxer-webm: aa71ff27fc2769a1b78a27578f13a17b -> 
  custom:video-decoder-webm-vp8: 9c59270c3fd7afecdb556c50c9e8de78 -> 
  custom:SearchIndexIgnoredProperties: e643bd26f0fe6173181afceb89e7c659 -> 
  custom:AudioImporter_EditorPlatform: d09bf68614088b80899f8185d706f6e7 -> 
  custom:video-encoder-webm-vp8: eb34c28f22e8b96e1ab97ce403110664 -> 
  custom:audio-decoder-ogg-vorbis: bf7c407c2cedff20999df2af8eb42d56 -> 
  custom:audio-encoder-webm-vorbis: bf7c407c2cedff20999df2af8eb42d56 -> 
========================================================================
Received Prepare
Begin MonoManager ReloadAssembly
- Loaded All Assemblies, in  0.451 seconds
Refreshing native plugins compatible for Editor in 4.76 ms, found 4 plugins.
Native extension for WindowsStandalone target not found
Native extension for WebGL target not found
[Package Manager] Server::EnsureServerProcessIsRunning -- launch failed, reason: Unity was launched with the -noUpm command-line argument
[Package Manager] UpmClient::Send -- Unable to send message (not connected to UPM process).
[Package Manager] Cannot connect to Unity Package Manager local server
Mono: successfully reloaded assembly
- Finished resetting the current domain, in  1.822 seconds
Domain Reload Profiling: 2269ms
	BeginReloadAssembly (132ms)
		ExecutionOrderSort (0ms)
		DisableScriptedObjects (7ms)
		BackupInstance (0ms)
		ReleaseScriptingObjects (0ms)
		CreateAndSetChildDomain (44ms)
	RebuildCommonClasses (20ms)
	RebuildNativeTypeToScriptingClass (7ms)
	initialDomainReloadingComplete (22ms)
	LoadAllAssembliesAndSetupDomain (266ms)
		LoadAssemblies (283ms)
		RebuildTransferFunctionScriptingTraits (0ms)
		AnalyzeDomain (38ms)
			TypeCache.Refresh (7ms)
				TypeCache.ScanAssembly (0ms)
			ScanForSourceGeneratedMonoScriptInfo (20ms)
			ResolveRequiredComponents (9ms)
	FinalizeReload (1823ms)
		ReleaseScriptCaches (0ms)
		RebuildScriptCaches (0ms)
		SetupLoadedEditorAssemblies (367ms)
			LogAssemblyErrors (0ms)
			InitializePlatformSupportModulesInManaged (5ms)
			SetLoadedEditorAssemblies (4ms)
			RefreshPlugins (0ms)
			BeforeProcessingInitializeOnLoad (60ms)
			ProcessInitializeOnLoadAttributes (247ms)
			ProcessInitializeOnLoadMethodAttributes (46ms)
			AfterProcessingInitializeOnLoad (6ms)
			EditorAssembliesLoaded (0ms)
		ExecutionOrderSort2 (0ms)
		AwakeInstancesAfterBackupRestoration (9ms)
Refreshing native plugins compatible for Editor in 4.57 ms, found 4 plugins.
Preloading 0 native plugins for Editor in 0.00 ms.
Unloading 5718 Unused Serialized files (Serialized files now loaded: 0)
Unloading 65 unused Assets / (0.9 MB). Loaded Objects now: 6389.
Memory consumption went from 204.1 MB to 203.2 MB.
Total: 3.723900 ms (FindLiveObjects: 0.520900 ms CreateObjectMapping: 0.109500 ms MarkObjects: 2.643500 ms  DeleteObjects: 0.449200 ms)

Prepare: number of updated asset objects reloaded= 0
AssetImportParameters requested are different than current active one (requested -> active):
  custom:container-demuxer-ogg: 62fdf1f143b41e24485cea50d1cbac27 -> 
  custom:video-codec-MediaFoundation-h265: 746d11721c4dcdbdad8f713fa42b33f4 -> 
  custom:video-decoder-ogg-theora: a1e56fd34408186e4bbccfd4996cb3dc -> 
  custom:framework-win-MediaFoundation: 216162199b28c13a410421893ffa2e32 -> 
  custom:CustomObjectIndexerAttribute: 72b91833f83ae208fae7752999fa3104 -> 
  custom:container-demuxer-webm: 4f35f7cbe854078d1ac9338744f61a02 -> 
  custom:container-muxer-webm: aa71ff27fc2769a1b78a27578f13a17b -> 
  custom:video-decoder-webm-vp8: 9c59270c3fd7afecdb556c50c9e8de78 -> 
  custom:SearchIndexIgnoredProperties: e643bd26f0fe6173181afceb89e7c659 -> 
  custom:AudioImporter_EditorPlatform: d09bf68614088b80899f8185d706f6e7 -> 
  custom:video-encoder-webm-vp8: eb34c28f22e8b96e1ab97ce403110664 -> 
  custom:audio-decoder-ogg-vorbis: bf7c407c2cedff20999df2af8eb42d56 -> 
  custom:audio-encoder-webm-vorbis: bf7c407c2cedff20999df2af8eb42d56 -> 
========================================================================
Received Prepare
Begin MonoManager ReloadAssembly
- Loaded All Assemblies, in  0.380 seconds
Refreshing native plugins compatible for Editor in 3.66 ms, found 4 plugins.
Native extension for WindowsStandalone target not found
Native extension for WebGL target not found
[Package Manager] Server::EnsureServerProcessIsRunning -- launch failed, reason: Unity was launched with the -noUpm command-line argument
[Package Manager] UpmClient::Send -- Unable to send message (not connected to UPM process).
[Package Manager] Cannot connect to Unity Package Manager local server
Mono: successfully reloaded assembly
- Finished resetting the current domain, in  1.044 seconds
Domain Reload Profiling: 1421ms
	BeginReloadAssembly (128ms)
		ExecutionOrderSort (0ms)
		DisableScriptedObjects (7ms)
		BackupInstance (0ms)
		ReleaseScriptingObjects (0ms)
		CreateAndSetChildDomain (40ms)
	RebuildCommonClasses (23ms)
	RebuildNativeTypeToScriptingClass (12ms)
	initialDomainReloadingComplete (24ms)
	LoadAllAssembliesAndSetupDomain (190ms)
		LoadAssemblies (229ms)
		RebuildTransferFunctionScriptingTraits (0ms)
		AnalyzeDomain (16ms)
			TypeCache.Refresh (4ms)
				TypeCache.ScanAssembly (0ms)
			ScanForSourceGeneratedMonoScriptInfo (0ms)
			ResolveRequiredComponents (10ms)
	FinalizeReload (1044ms)
		ReleaseScriptCaches (0ms)
		RebuildScriptCaches (0ms)
		SetupLoadedEditorAssemblies (391ms)
			LogAssemblyErrors (0ms)
			InitializePlatformSupportModulesInManaged (5ms)
			SetLoadedEditorAssemblies (4ms)
			RefreshPlugins (0ms)
			BeforeProcessingInitializeOnLoad (61ms)
			ProcessInitializeOnLoadAttributes (263ms)
			ProcessInitializeOnLoadMethodAttributes (51ms)
			AfterProcessingInitializeOnLoad (7ms)
			EditorAssembliesLoaded (0ms)
		ExecutionOrderSort2 (0ms)
		AwakeInstancesAfterBackupRestoration (12ms)
Refreshing native plugins compatible for Editor in 5.51 ms, found 4 plugins.
Preloading 0 native plugins for Editor in 0.00 ms.
Unloading 5718 Unused Serialized files (Serialized files now loaded: 0)
Unloading 65 unused Assets / (0.9 MB). Loaded Objects now: 6406.
Memory consumption went from 204.2 MB to 203.3 MB.
Total: 3.837400 ms (FindLiveObjects: 0.481200 ms CreateObjectMapping: 0.116800 ms MarkObjects: 2.764400 ms  DeleteObjects: 0.473700 ms)

Prepare: number of updated asset objects reloaded= 0
AssetImportParameters requested are different than current active one (requested -> active):
  custom:container-demuxer-ogg: 62fdf1f143b41e24485cea50d1cbac27 -> 
  custom:video-codec-MediaFoundation-h265: 746d11721c4dcdbdad8f713fa42b33f4 -> 
  custom:video-decoder-ogg-theora: a1e56fd34408186e4bbccfd4996cb3dc -> 
  custom:framework-win-MediaFoundation: 216162199b28c13a410421893ffa2e32 -> 
  custom:CustomObjectIndexerAttribute: 72b91833f83ae208fae7752999fa3104 -> 
  custom:container-demuxer-webm: 4f35f7cbe854078d1ac9338744f61a02 -> 
  custom:container-muxer-webm: aa71ff27fc2769a1b78a27578f13a17b -> 
  custom:video-decoder-webm-vp8: 9c59270c3fd7afecdb556c50c9e8de78 -> 
  custom:SearchIndexIgnoredProperties: e643bd26f0fe6173181afceb89e7c659 -> 
  custom:AudioImporter_EditorPlatform: d09bf68614088b80899f8185d706f6e7 -> 
  custom:video-encoder-webm-vp8: eb34c28f22e8b96e1ab97ce403110664 -> 
  custom:audio-decoder-ogg-vorbis: bf7c407c2cedff20999df2af8eb42d56 -> 
  custom:audio-encoder-webm-vorbis: bf7c407c2cedff20999df2af8eb42d56 -> 
========================================================================
Received Prepare
Refreshing native plugins compatible for Editor in 13.19 ms, found 4 plugins.
Preloading 0 native plugins for Editor in 0.00 ms.
Unloading 18 Unused Serialized files (Serialized files now loaded: 0)
Unloading 18 unused Assets / (0.7 MB). Loaded Objects now: 6406.
Memory consumption went from 114.5 MB to 113.8 MB.
Total: 6.147500 ms (FindLiveObjects: 0.996000 ms CreateObjectMapping: 0.365300 ms MarkObjects: 4.196300 ms  DeleteObjects: 0.587500 ms)

Prepare: number of updated asset objects reloaded= 120
AssetImportParameters requested are different than current active one (requested -> active):
  custom:container-demuxer-ogg: 62fdf1f143b41e24485cea50d1cbac27 -> 
  custom:video-codec-MediaFoundation-h265: 746d11721c4dcdbdad8f713fa42b33f4 -> 
  custom:video-decoder-ogg-theora: a1e56fd34408186e4bbccfd4996cb3dc -> 
  custom:framework-win-MediaFoundation: 216162199b28c13a410421893ffa2e32 -> 
  custom:CustomObjectIndexerAttribute: 72b91833f83ae208fae7752999fa3104 -> 
  custom:container-demuxer-webm: 4f35f7cbe854078d1ac9338744f61a02 -> 
  custom:container-muxer-webm: aa71ff27fc2769a1b78a27578f13a17b -> 
  custom:video-decoder-webm-vp8: 9c59270c3fd7afecdb556c50c9e8de78 -> 
  custom:SearchIndexIgnoredProperties: e643bd26f0fe6173181afceb89e7c659 -> 
  custom:AudioImporter_EditorPlatform: d09bf68614088b80899f8185d706f6e7 -> 
  custom:video-encoder-webm-vp8: eb34c28f22e8b96e1ab97ce403110664 -> 
  custom:audio-decoder-ogg-vorbis: bf7c407c2cedff20999df2af8eb42d56 -> 
  custom:audio-encoder-webm-vorbis: bf7c407c2cedff20999df2af8eb42d56 -> 
========================================================================
Received Prepare
Refreshing native plugins compatible for Editor in 6.92 ms, found 4 plugins.
Preloading 0 native plugins for Editor in 0.00 ms.
Unloading 18 Unused Serialized files (Serialized files now loaded: 0)
Unloading 18 unused Assets / (0.7 MB). Loaded Objects now: 6406.
Memory consumption went from 113.7 MB to 113.0 MB.
Total: 4.864600 ms (FindLiveObjects: 0.532700 ms CreateObjectMapping: 0.146600 ms MarkObjects: 3.749800 ms  DeleteObjects: 0.434200 ms)

Prepare: number of updated asset objects reloaded= 0
AssetImportParameters requested are different than current active one (requested -> active):
  custom:container-demuxer-ogg: 62fdf1f143b41e24485cea50d1cbac27 -> 
  custom:video-codec-MediaFoundation-h265: 746d11721c4dcdbdad8f713fa42b33f4 -> 
  custom:video-decoder-ogg-theora: a1e56fd34408186e4bbccfd4996cb3dc -> 
  custom:framework-win-MediaFoundation: 216162199b28c13a410421893ffa2e32 -> 
  custom:CustomObjectIndexerAttribute: 72b91833f83ae208fae7752999fa3104 -> 
  custom:container-demuxer-webm: 4f35f7cbe854078d1ac9338744f61a02 -> 
  custom:container-muxer-webm: aa71ff27fc2769a1b78a27578f13a17b -> 
  custom:video-decoder-webm-vp8: 9c59270c3fd7afecdb556c50c9e8de78 -> 
  custom:SearchIndexIgnoredProperties: e643bd26f0fe6173181afceb89e7c659 -> 
  custom:AudioImporter_EditorPlatform: d09bf68614088b80899f8185d706f6e7 -> 
  custom:video-encoder-webm-vp8: eb34c28f22e8b96e1ab97ce403110664 -> 
  custom:audio-decoder-ogg-vorbis: bf7c407c2cedff20999df2af8eb42d56 -> 
  custom:audio-encoder-webm-vorbis: bf7c407c2cedff20999df2af8eb42d56 -> 
========================================================================
Received Prepare
Begin MonoManager ReloadAssembly
- Loaded All Assemblies, in  0.559 seconds
Refreshing native plugins compatible for Editor in 6.05 ms, found 4 plugins.
Native extension for WindowsStandalone target not found
Native extension for WebGL target not found
[Package Manager] Server::EnsureServerProcessIsRunning -- launch failed, reason: Unity was launched with the -noUpm command-line argument
[Package Manager] UpmClient::Send -- Unable to send message (not connected to UPM process).
[Package Manager] Cannot connect to Unity Package Manager local server
Mono: successfully reloaded assembly
- Finished resetting the current domain, in  3.873 seconds
Domain Reload Profiling: 4430ms
	BeginReloadAssembly (144ms)
		ExecutionOrderSort (0ms)
		DisableScriptedObjects (7ms)
		BackupInstance (0ms)
		ReleaseScriptingObjects (0ms)
		CreateAndSetChildDomain (43ms)
	RebuildCommonClasses (27ms)
	RebuildNativeTypeToScriptingClass (10ms)
	initialDomainReloadingComplete (29ms)
	LoadAllAssembliesAndSetupDomain (347ms)
		LoadAssemblies (282ms)
		RebuildTransferFunctionScriptingTraits (0ms)
		AnalyzeDomain (130ms)
			TypeCache.Refresh (97ms)
				TypeCache.ScanAssembly (77ms)
			ScanForSourceGeneratedMonoScriptInfo (23ms)
			ResolveRequiredComponents (8ms)
	FinalizeReload (3873ms)
		ReleaseScriptCaches (0ms)
		RebuildScriptCaches (0ms)
		SetupLoadedEditorAssemblies (378ms)
			LogAssemblyErrors (0ms)
			InitializePlatformSupportModulesInManaged (5ms)
			SetLoadedEditorAssemblies (4ms)
			RefreshPlugins (0ms)
			BeforeProcessingInitializeOnLoad (62ms)
			ProcessInitializeOnLoadAttributes (256ms)
			ProcessInitializeOnLoadMethodAttributes (46ms)
			AfterProcessingInitializeOnLoad (5ms)
			EditorAssembliesLoaded (0ms)
		ExecutionOrderSort2 (0ms)
		AwakeInstancesAfterBackupRestoration (9ms)
Refreshing native plugins compatible for Editor in 4.63 ms, found 4 plugins.
Preloading 0 native plugins for Editor in 0.00 ms.
Unloading 5718 Unused Serialized files (Serialized files now loaded: 0)
Unloading 65 unused Assets / (0.7 MB). Loaded Objects now: 6423.
Memory consumption went from 202.2 MB to 201.5 MB.
Total: 3.451900 ms (FindLiveObjects: 0.516200 ms CreateObjectMapping: 0.152100 ms MarkObjects: 2.408500 ms  DeleteObjects: 0.373900 ms)

Prepare: number of updated asset objects reloaded= 0
AssetImportParameters requested are different than current active one (requested -> active):
  custom:container-demuxer-ogg: 62fdf1f143b41e24485cea50d1cbac27 -> 
  custom:video-codec-MediaFoundation-h265: 746d11721c4dcdbdad8f713fa42b33f4 -> 
  custom:video-decoder-ogg-theora: a1e56fd34408186e4bbccfd4996cb3dc -> 
  custom:framework-win-MediaFoundation: 216162199b28c13a410421893ffa2e32 -> 
  custom:CustomObjectIndexerAttribute: 72b91833f83ae208fae7752999fa3104 -> 
  custom:container-demuxer-webm: 4f35f7cbe854078d1ac9338744f61a02 -> 
  custom:container-muxer-webm: aa71ff27fc2769a1b78a27578f13a17b -> 
  custom:video-decoder-webm-vp8: 9c59270c3fd7afecdb556c50c9e8de78 -> 
  custom:SearchIndexIgnoredProperties: e643bd26f0fe6173181afceb89e7c659 -> 
  custom:AudioImporter_EditorPlatform: d09bf68614088b80899f8185d706f6e7 -> 
  custom:video-encoder-webm-vp8: eb34c28f22e8b96e1ab97ce403110664 -> 
  custom:audio-decoder-ogg-vorbis: bf7c407c2cedff20999df2af8eb42d56 -> 
  custom:audio-encoder-webm-vorbis: bf7c407c2cedff20999df2af8eb42d56 -> 
========================================================================
Received Import Request.
  Time since last request: 650.686337 seconds.
  path: Assets/Sprites/MapSprites/AddNoteUI.png
  artifactKey: Guid(5bd5f2164d183004aaf28d114ee17d29) Importer(815301076,1909f56bfc062723c751e8b465ee728b)
Start importing Assets/Sprites/MapSprites/AddNoteUI.png using Guid(5bd5f2164d183004aaf28d114ee17d29) Importer(815301076,1909f56bfc062723c751e8b465ee728b)  -> (artifact id: '524880a0e938dca3a4b36c281e2047d8') in 0.128154 seconds
Number of updated asset objects reloaded before import = 0
Number of asset objects unloaded after import = 3
========================================================================
Received Import Request.
  Time since last request: 0.000025 seconds.
  path: Assets/Sprites/PhoneSprites/Button_1.png
  artifactKey: Guid(a6cc6902d93b4f84789c5090726e0d99) Importer(815301076,1909f56bfc062723c751e8b465ee728b)
Start importing Assets/Sprites/PhoneSprites/Button_1.png using Guid(a6cc6902d93b4f84789c5090726e0d99) Importer(815301076,1909f56bfc062723c751e8b465ee728b)  -> (artifact id: 'baa9b1f13972871600379551d1b37b64') in 0.020703 seconds
Number of updated asset objects reloaded before import = 0
Number of asset objects unloaded after import = 3
========================================================================
Received Import Request.
  Time since last request: 0.000021 seconds.
  path: Assets/Sprites/BoxSprite.png
  artifactKey: Guid(5c7c69ec7a8b4f443b3d3be9fb828700) Importer(815301076,1909f56bfc062723c751e8b465ee728b)
Start importing Assets/Sprites/BoxSprite.png using Guid(5c7c69ec7a8b4f443b3d3be9fb828700) Importer(815301076,1909f56bfc062723c751e8b465ee728b)  -> (artifact id: 'b9e7f878618968ef0154069c633fb9af') in 0.030712 seconds
Number of updated asset objects reloaded before import = 0
Number of asset objects unloaded after import = 3
========================================================================
Received Import Request.
  Time since last request: 0.000017 seconds.
  path: Assets/Sprites/PhoneSprites/Button_4.png
  artifactKey: Guid(0b955c3bf25977c4585a668bc92f97ef) Importer(815301076,1909f56bfc062723c751e8b465ee728b)
Start importing Assets/Sprites/PhoneSprites/Button_4.png using Guid(0b955c3bf25977c4585a668bc92f97ef) Importer(815301076,1909f56bfc062723c751e8b465ee728b)  -> (artifact id: 'c2ca911f1a2a4c97d283df110df1637a') in 0.020343 seconds
Number of updated asset objects reloaded before import = 0
Number of asset objects unloaded after import = 3
========================================================================
Received Import Request.
  Time since last request: 0.000017 seconds.
  path: Assets/Sprites/PhoneSprites/Button_3_Pressed.png
  artifactKey: Guid(dbd66d16c70fc1a488ca56b63ab44d68) Importer(815301076,1909f56bfc062723c751e8b465ee728b)
Start importing Assets/Sprites/PhoneSprites/Button_3_Pressed.png using Guid(dbd66d16c70fc1a488ca56b63ab44d68) Importer(815301076,1909f56bfc062723c751e8b465ee728b)  -> (artifact id: '4049585ce969ab783f5ba035da164100') in 0.017519 seconds
Number of updated asset objects reloaded before import = 0
Number of asset objects unloaded after import = 3
========================================================================
Received Import Request.
  Time since last request: 0.000018 seconds.
  path: Assets/Sprites/MapSprites/BigNote2.png
  artifactKey: Guid(e06b8c42760e22f44a0cf2d347e70437) Importer(815301076,1909f56bfc062723c751e8b465ee728b)
Start importing Assets/Sprites/MapSprites/BigNote2.png using Guid(e06b8c42760e22f44a0cf2d347e70437) Importer(815301076,1909f56bfc062723c751e8b465ee728b)  -> (artifact id: '7da61ab9bf024e21171eb8006eaf2efc') in 0.036988 seconds
Number of updated asset objects reloaded before import = 0
Number of asset objects unloaded after import = 3
========================================================================
Received Import Request.
  Time since last request: 0.000035 seconds.
  path: Assets/Sprites/PhoneSprites/Button_7.png
  artifactKey: Guid(961e62b38631ee24e8ee01ca3601b161) Importer(815301076,1909f56bfc062723c751e8b465ee728b)
Start importing Assets/Sprites/PhoneSprites/Button_7.png using Guid(961e62b38631ee24e8ee01ca3601b161) Importer(815301076,1909f56bfc062723c751e8b465ee728b)  -> (artifact id: '19d0932d7ea96ed04188478bc873e45d') in 0.018126 seconds
Number of updated asset objects reloaded before import = 0
Number of asset objects unloaded after import = 3
========================================================================
Received Import Request.
  Time since last request: 0.000021 seconds.
  path: Assets/Sprites/LetterInsides/LetterInsides/Kafe-Bulka/Bernard1.png
  artifactKey: Guid(98369c668e20e7c46a66158b7dae4771) Importer(815301076,1909f56bfc062723c751e8b465ee728b)
Start importing Assets/Sprites/LetterInsides/LetterInsides/Kafe-Bulka/Bernard1.png using Guid(98369c668e20e7c46a66158b7dae4771) Importer(815301076,1909f56bfc062723c751e8b465ee728b)  -> (artifact id: 'e67ea7a4c16a4b8d376a532e3dda44bf') in 0.025236 seconds
Number of updated asset objects reloaded before import = 0
Number of asset objects unloaded after import = 3
========================================================================
Received Import Request.
  Time since last request: 0.000019 seconds.
  path: Assets/Sprites/PhoneSprites/Button_4_Pressed.png
  artifactKey: Guid(3fe5db6364aeea349b4cedf4a4473c02) Importer(815301076,1909f56bfc062723c751e8b465ee728b)
Start importing Assets/Sprites/PhoneSprites/Button_4_Pressed.png using Guid(3fe5db6364aeea349b4cedf4a4473c02) Importer(815301076,1909f56bfc062723c751e8b465ee728b)  -> (artifact id: 'f9edd5ec7638b21a6e2a6e8ba92aaa3b') in 0.021069 seconds
Number of updated asset objects reloaded before import = 0
Number of asset objects unloaded after import = 3
========================================================================
Received Import Request.
  Time since last request: 0.000040 seconds.
  path: Assets/Sprites/LetterInsides/LetterInsides/Kafe-Bulka/Bernard2.png
  artifactKey: Guid(280eaa67e5e32e649b066ccb2b1df76d) Importer(815301076,1909f56bfc062723c751e8b465ee728b)
Start importing Assets/Sprites/LetterInsides/LetterInsides/Kafe-Bulka/Bernard2.png using Guid(280eaa67e5e32e649b066ccb2b1df76d) Importer(815301076,1909f56bfc062723c751e8b465ee728b)  -> (artifact id: 'f1004b6bf47d61424f1469f627bd8c82') in 0.019966 seconds
Number of updated asset objects reloaded before import = 0
Number of asset objects unloaded after import = 3
========================================================================
Received Import Request.
  Time since last request: 0.000017 seconds.
  path: Assets/Sprites/PhoneSprites/Button_6.png
  artifactKey: Guid(f674fdc41f41a0142b4600f4ea83aa51) Importer(815301076,1909f56bfc062723c751e8b465ee728b)
Start importing Assets/Sprites/PhoneSprites/Button_6.png using Guid(f674fdc41f41a0142b4600f4ea83aa51) Importer(815301076,1909f56bfc062723c751e8b465ee728b)  -> (artifact id: '3e23838ccce1bbf3e902e3ebefcb97b7') in 0.019716 seconds
Number of updated asset objects reloaded before import = 0
Number of asset objects unloaded after import = 3
========================================================================
Received Import Request.
  Time since last request: 0.000019 seconds.
  path: Assets/Sprites/PhoneSprites/Button_5_Pressed.png
  artifactKey: Guid(3c60dd3402e52cb41a61fd2b710bd077) Importer(815301076,1909f56bfc062723c751e8b465ee728b)
Start importing Assets/Sprites/PhoneSprites/Button_5_Pressed.png using Guid(3c60dd3402e52cb41a61fd2b710bd077) Importer(815301076,1909f56bfc062723c751e8b465ee728b)  -> (artifact id: '02ca99a0efa919b17ed6dc35ebd597a7') in 0.018505 seconds
Number of updated asset objects reloaded before import = 0
Number of asset objects unloaded after import = 3
========================================================================
Received Import Request.
  Time since last request: 0.000018 seconds.
  path: Assets/Sprites/MapSprites/BigNote1.png
  artifactKey: Guid(ecf278b32778a7c42b3f63b48d6c6549) Importer(815301076,1909f56bfc062723c751e8b465ee728b)
Start importing Assets/Sprites/MapSprites/BigNote1.png using Guid(ecf278b32778a7c42b3f63b48d6c6549) Importer(815301076,1909f56bfc062723c751e8b465ee728b)  -> (artifact id: 'f01bee1a031841f4a5e9c4e5906870fc') in 0.018665 seconds
Number of updated asset objects reloaded before import = 0
Number of asset objects unloaded after import = 3
========================================================================
Received Import Request.
  Time since last request: 0.000020 seconds.
  path: Assets/Sprites/Letters/Attic3.png
  artifactKey: Guid(c24c195719b75464cb33abbbe5b247fa) Importer(815301076,1909f56bfc062723c751e8b465ee728b)
Start importing Assets/Sprites/Letters/Attic3.png using Guid(c24c195719b75464cb33abbbe5b247fa) Importer(815301076,1909f56bfc062723c751e8b465ee728b)  -> (artifact id: '491d81104dad922709f806f063a37730') in 0.020694 seconds
Number of updated asset objects reloaded before import = 0
Number of asset objects unloaded after import = 3
========================================================================
Received Import Request.
  Time since last request: 0.000017 seconds.
  path: Assets/Sprites/LetterInsides/LetterInsides/Kafe-Bulka/Bernard4.png
  artifactKey: Guid(7532eb5a4c57b5347b8e7e8d142d6e6e) Importer(815301076,1909f56bfc062723c751e8b465ee728b)
Start importing Assets/Sprites/LetterInsides/LetterInsides/Kafe-Bulka/Bernard4.png using Guid(7532eb5a4c57b5347b8e7e8d142d6e6e) Importer(815301076,1909f56bfc062723c751e8b465ee728b)  -> (artifact id: 'ace1be2ca4c24ac6f4f829fb66af432b') in 0.018809 seconds
Number of updated asset objects reloaded before import = 0
Number of asset objects unloaded after import = 3
========================================================================
Received Import Request.
  Time since last request: 0.000017 seconds.
  path: Assets/Sprites/MapSprites/Bubble2.png
  artifactKey: Guid(37eb048a2658a3e4d96a0b1c2e27ab29) Importer(815301076,1909f56bfc062723c751e8b465ee728b)
Start importing Assets/Sprites/MapSprites/Bubble2.png using Guid(37eb048a2658a3e4d96a0b1c2e27ab29) Importer(815301076,1909f56bfc062723c751e8b465ee728b)  -> (artifact id: 'b677b4d5f78c528e5df5b470427d31f5') in 0.015599 seconds
Number of updated asset objects reloaded before import = 0
Number of asset objects unloaded after import = 3
========================================================================
Received Import Request.
  Time since last request: 0.000020 seconds.
  path: Assets/Sprites/PhoneSprites/Button_2_Pressed.png
  artifactKey: Guid(4afdcb83916434c4fbadda03b94171ac) Importer(815301076,1909f56bfc062723c751e8b465ee728b)
Start importing Assets/Sprites/PhoneSprites/Button_2_Pressed.png using Guid(4afdcb83916434c4fbadda03b94171ac) Importer(815301076,1909f56bfc062723c751e8b465ee728b)  -> (artifact id: 'cce52bc30da3bff218f45dc641840017') in 0.018602 seconds
Number of updated asset objects reloaded before import = 0
Number of asset objects unloaded after import = 3
========================================================================
Received Import Request.
  Time since last request: 0.000022 seconds.
  path: Assets/Sprites/Letters/Baker.png
  artifactKey: Guid(26b065033892eaa49b3a50007f75adc8) Importer(815301076,1909f56bfc062723c751e8b465ee728b)
Start importing Assets/Sprites/Letters/Baker.png using Guid(26b065033892eaa49b3a50007f75adc8) Importer(815301076,1909f56bfc062723c751e8b465ee728b)  -> (artifact id: 'ac9ba00b961404b5c19388ce7649a8db') in 0.015470 seconds
Number of updated asset objects reloaded before import = 0
Number of asset objects unloaded after import = 3
========================================================================
Received Import Request.
  Time since last request: 1.335214 seconds.
  path: Assets/Sprites/PhoneSprites/Button_8_Pressed.png
  artifactKey: Guid(a1a92f37e58723f4eaf2e6e8323bf8c4) Importer(815301076,1909f56bfc062723c751e8b465ee728b)
Start importing Assets/Sprites/PhoneSprites/Button_8_Pressed.png using Guid(a1a92f37e58723f4eaf2e6e8323bf8c4) Importer(815301076,1909f56bfc062723c751e8b465ee728b)  -> (artifact id: '7a97d42584e5641548224ffc124f6574') in 0.018518 seconds
Number of updated asset objects reloaded before import = 0
Number of asset objects unloaded after import = 3
========================================================================
Received Import Request.
  Time since last request: 0.000018 seconds.
  path: Assets/Sprites/PhoneSprites/Button_9_Pressed.png
  artifactKey: Guid(bb324ef3a63b2a6479d6317244045b8e) Importer(815301076,1909f56bfc062723c751e8b465ee728b)
Start importing Assets/Sprites/PhoneSprites/Button_9_Pressed.png using Guid(bb324ef3a63b2a6479d6317244045b8e) Importer(815301076,1909f56bfc062723c751e8b465ee728b)  -> (artifact id: 'd765dc863595fa0874fc48ae846b6780') in 0.015173 seconds
Number of updated asset objects reloaded before import = 0
Number of asset objects unloaded after import = 3
========================================================================
Received Import Request.
  Time since last request: 0.031414 seconds.
  path: Assets/Sprites/LetterInsides/LetterInsides/Cherdak/Cherdak1.png
  artifactKey: Guid(8ee51eb3bc06aff42946579bbc5520b9) Importer(815301076,1909f56bfc062723c751e8b465ee728b)
Start importing Assets/Sprites/LetterInsides/LetterInsides/Cherdak/Cherdak1.png using Guid(8ee51eb3bc06aff42946579bbc5520b9) Importer(815301076,1909f56bfc062723c751e8b465ee728b)  -> (artifact id: '0f42a04afa2347807a0077ec00294074') in 0.023106 seconds
Number of updated asset objects reloaded before import = 0
Number of asset objects unloaded after import = 3
========================================================================
Received Import Request.
  Time since last request: 0.205458 seconds.
  path: Assets/Sprites/LetterInsides/LetterInsides/Cherdak/Cherdak5.png
  artifactKey: Guid(af841ae21c552f645923cb2b70a63415) Importer(815301076,1909f56bfc062723c751e8b465ee728b)
Start importing Assets/Sprites/LetterInsides/LetterInsides/Cherdak/Cherdak5.png using Guid(af841ae21c552f645923cb2b70a63415) Importer(815301076,1909f56bfc062723c751e8b465ee728b)  -> (artifact id: '49e7e7592a9c4a7075bed305c149fcfd') in 0.020556 seconds
Number of updated asset objects reloaded before import = 0
Number of asset objects unloaded after import = 3
========================================================================
Received Import Request.
  Time since last request: 0.000021 seconds.
  path: Assets/Sprites/DataBook.png
  artifactKey: Guid(14e8424b79062bd45a4e217ec681a203) Importer(815301076,1909f56bfc062723c751e8b465ee728b)
Start importing Assets/Sprites/DataBook.png using Guid(14e8424b79062bd45a4e217ec681a203) Importer(815301076,1909f56bfc062723c751e8b465ee728b)  -> (artifact id: '4f9b22c245eaf5ebce27781fdc880d55') in 0.021692 seconds
Number of updated asset objects reloaded before import = 0
Number of asset objects unloaded after import = 3
========================================================================
Received Import Request.
  Time since last request: 0.000028 seconds.
  path: Assets/Sprites/LetterInsides/LetterInsides/Journalist-Ded/Ded3.png
  artifactKey: Guid(3da51a89d887e9a49992fa0f83ca10ca) Importer(815301076,1909f56bfc062723c751e8b465ee728b)
Start importing Assets/Sprites/LetterInsides/LetterInsides/Journalist-Ded/Ded3.png using Guid(3da51a89d887e9a49992fa0f83ca10ca) Importer(815301076,1909f56bfc062723c751e8b465ee728b)  -> (artifact id: '652f654a4c403b6fe7150934e08eea4e') in 0.021468 seconds
Number of updated asset objects reloaded before import = 0
Number of asset objects unloaded after import = 3
========================================================================
Received Import Request.
  Time since last request: 0.000016 seconds.
  path: Assets/Sprites/Letters/Ded2.png
  artifactKey: Guid(cd5e170e95b39304c85be4055e668c50) Importer(815301076,1909f56bfc062723c751e8b465ee728b)
Start importing Assets/Sprites/Letters/Ded2.png using Guid(cd5e170e95b39304c85be4055e668c50) Importer(815301076,1909f56bfc062723c751e8b465ee728b)  -> (artifact id: 'f71dadb35f3fbf7ee25326244c410d63') in 0.016912 seconds
Number of updated asset objects reloaded before import = 0
Number of asset objects unloaded after import = 3
========================================================================
Received Import Request.
  Time since last request: 0.000019 seconds.
  path: Assets/Sprites/LetterInsides/LetterInsides/Journalist-Ded/Duncan6.png
  artifactKey: Guid(b63598a2d6c03c240b8c9a9e5672efcb) Importer(815301076,1909f56bfc062723c751e8b465ee728b)
Start importing Assets/Sprites/LetterInsides/LetterInsides/Journalist-Ded/Duncan6.png using Guid(b63598a2d6c03c240b8c9a9e5672efcb) Importer(815301076,1909f56bfc062723c751e8b465ee728b)  -> (artifact id: '3c6b3d4f3b262f34eaed4c4f5eb4d0b6') in 0.020380 seconds
Number of updated asset objects reloaded before import = 0
Number of asset objects unloaded after import = 3
========================================================================
Received Import Request.
  Time since last request: 0.000020 seconds.
  path: Assets/Sprites/UI Sprites/EndDay.png
  artifactKey: Guid(5d1c5cc4f637f7f49ab5c79f99bd81da) Importer(815301076,1909f56bfc062723c751e8b465ee728b)
Start importing Assets/Sprites/UI Sprites/EndDay.png using Guid(5d1c5cc4f637f7f49ab5c79f99bd81da) Importer(815301076,1909f56bfc062723c751e8b465ee728b)  -> (artifact id: 'eaf8553fb21bf84944e4329f39619112') in 0.020141 seconds
Number of updated asset objects reloaded before import = 0
Number of asset objects unloaded after import = 3
========================================================================
Received Import Request.
  Time since last request: 0.000016 seconds.
  path: Assets/Sprites/LetterInsides/LetterInsides/Kafe-Bulka/Duncan1.png
  artifactKey: Guid(6f2ca6085d5728d42a6e153e4e175c46) Importer(815301076,1909f56bfc062723c751e8b465ee728b)
Start importing Assets/Sprites/LetterInsides/LetterInsides/Kafe-Bulka/Duncan1.png using Guid(6f2ca6085d5728d42a6e153e4e175c46) Importer(815301076,1909f56bfc062723c751e8b465ee728b)  -> (artifact id: '6a5ea0ae9581bbf038650e277e94d872') in 0.022708 seconds
Number of updated asset objects reloaded before import = 0
Number of asset objects unloaded after import = 3
========================================================================
Received Import Request.
  Time since last request: 0.000016 seconds.
  path: Assets/Sprites/Temporary/image 8.png
  artifactKey: Guid(a80f087c4110bf34c80148614eb5d0c0) Importer(815301076,1909f56bfc062723c751e8b465ee728b)
Start importing Assets/Sprites/Temporary/image 8.png using Guid(a80f087c4110bf34c80148614eb5d0c0) Importer(815301076,1909f56bfc062723c751e8b465ee728b)  -> (artifact id: '760a83b1e662a1db48b1db3a1ad8ac3d') in 0.018565 seconds
Number of updated asset objects reloaded before import = 0
Number of asset objects unloaded after import = 3
========================================================================
Received Import Request.
  Time since last request: 0.000019 seconds.
  path: Assets/Sprites/MapSprites/DeleteNoteUI.png
  artifactKey: Guid(0ef9872d47109bd42ad6a2097c208105) Importer(815301076,1909f56bfc062723c751e8b465ee728b)
Start importing Assets/Sprites/MapSprites/DeleteNoteUI.png using Guid(0ef9872d47109bd42ad6a2097c208105) Importer(815301076,1909f56bfc062723c751e8b465ee728b)  -> (artifact id: '1f7c1a6e764c4f78b3b7ca743453a88a') in 0.016160 seconds
Number of updated asset objects reloaded before import = 0
Number of asset objects unloaded after import = 3
========================================================================
Received Import Request.
  Time since last request: 0.000015 seconds.
  path: Assets/Sprites/DataBook_Page.png
  artifactKey: Guid(53a655cc5e48f2d4dbcfba14512d92fd) Importer(815301076,1909f56bfc062723c751e8b465ee728b)
Start importing Assets/Sprites/DataBook_Page.png using Guid(53a655cc5e48f2d4dbcfba14512d92fd) Importer(815301076,1909f56bfc062723c751e8b465ee728b)  -> (artifact id: 'ea05a4bbf3079018a4310ed21dd9ec8f') in 0.019269 seconds
Number of updated asset objects reloaded before import = 0
Number of asset objects unloaded after import = 3
========================================================================
Received Import Request.
  Time since last request: 0.000047 seconds.
  path: Assets/Sprites/UI Sprites/credits2.png
  artifactKey: Guid(c9b1180b2eb4d914189c0a2b811aaa8c) Importer(815301076,1909f56bfc062723c751e8b465ee728b)
Start importing Assets/Sprites/UI Sprites/credits2.png using Guid(c9b1180b2eb4d914189c0a2b811aaa8c) Importer(815301076,1909f56bfc062723c751e8b465ee728b)  -> (artifact id: 'f5fd2f72809329259b86cdd45fcb8d18') in 0.015913 seconds
Number of updated asset objects reloaded before import = 0
Number of asset objects unloaded after import = 3
========================================================================
Received Import Request.
  Time since last request: 0.000034 seconds.
  path: Assets/Sprites/Letters/Ded1.png
  artifactKey: Guid(50d9381b83a1f8e40a02b7b1d2284c97) Importer(815301076,1909f56bfc062723c751e8b465ee728b)
Start importing Assets/Sprites/Letters/Ded1.png using Guid(50d9381b83a1f8e40a02b7b1d2284c97) Importer(815301076,1909f56bfc062723c751e8b465ee728b)  -> (artifact id: '84de6b387eaacc21823913aba7729da8') in 0.015563 seconds
Number of updated asset objects reloaded before import = 0
Number of asset objects unloaded after import = 3
========================================================================
Received Import Request.
  Time since last request: 0.070363 seconds.
  path: Assets/Sprites/LetterInsides/LetterInsides/Journalist-Ded/Journalist4.png
  artifactKey: Guid(4739ca73e211f01418a023c3fad4c717) Importer(815301076,1909f56bfc062723c751e8b465ee728b)
Start importing Assets/Sprites/LetterInsides/LetterInsides/Journalist-Ded/Journalist4.png using Guid(4739ca73e211f01418a023c3fad4c717) Importer(815301076,1909f56bfc062723c751e8b465ee728b)  -> (artifact id: '69e29a3304e48a80d5fe67607595dd5c') in 0.016781 seconds
Number of updated asset objects reloaded before import = 0
Number of asset objects unloaded after import = 3
========================================================================
Received Import Request.
  Time since last request: 0.000018 seconds.
  path: Assets/TextMesh Pro/Resources/Fonts & Materials/LiberationSans SDF.asset
  artifactKey: Guid(8f586378b4e144a9851e7b34d9b748ee) Importer(815301076,1909f56bfc062723c751e8b465ee728b)
Start importing Assets/TextMesh Pro/Resources/Fonts & Materials/LiberationSans SDF.asset using Guid(8f586378b4e144a9851e7b34d9b748ee) Importer(815301076,1909f56bfc062723c751e8b465ee728b)  -> (artifact id: '450e07ce044ad1cc2935b60fdf245167') in 0.389964 seconds
Number of updated asset objects reloaded before import = 0
Number of asset objects unloaded after import = 28
========================================================================
Received Import Request.
  Time since last request: 0.000041 seconds.
  path: Assets/Sprites/Letters/Kathy4.png
  artifactKey: Guid(c191b8f418bb949428aac7497f85b15c) Importer(815301076,1909f56bfc062723c751e8b465ee728b)
Start importing Assets/Sprites/Letters/Kathy4.png using Guid(c191b8f418bb949428aac7497f85b15c) Importer(815301076,1909f56bfc062723c751e8b465ee728b)  -> (artifact id: 'b991d69b6be8f71c5dc39026d3d3b35f') in 0.019737 seconds
Number of updated asset objects reloaded before import = 0
Number of asset objects unloaded after import = 3
========================================================================
Received Import Request.
  Time since last request: 0.000034 seconds.
  path: Assets/Sprites/LetterInsides/LetterInsides/Kathi-Lisa/Kathy8.png
  artifactKey: Guid(05d439b6c01c1094fa16d8e59c365392) Importer(815301076,1909f56bfc062723c751e8b465ee728b)
Start importing Assets/Sprites/LetterInsides/LetterInsides/Kathi-Lisa/Kathy8.png using Guid(05d439b6c01c1094fa16d8e59c365392) Importer(815301076,1909f56bfc062723c751e8b465ee728b)  -> (artifact id: '6f0301911601250f8a0ab4c720acf632') in 0.021419 seconds
Number of updated asset objects reloaded before import = 0
Number of asset objects unloaded after import = 3
========================================================================
Received Import Request.
  Time since last request: 0.000024 seconds.
  path: Assets/Sprites/Letters/Kafeshnik1.png
  artifactKey: Guid(1a6f951e415251745ae967b2ae0d6d6b) Importer(815301076,1909f56bfc062723c751e8b465ee728b)
Start importing Assets/Sprites/Letters/Kafeshnik1.png using Guid(1a6f951e415251745ae967b2ae0d6d6b) Importer(815301076,1909f56bfc062723c751e8b465ee728b)  -> (artifact id: '2f6961df6c4a729592c3f2af2bd71dc2') in 0.023344 seconds
Number of updated asset objects reloaded before import = 0
Number of asset objects unloaded after import = 3
========================================================================
Received Import Request.
  Time since last request: 0.000024 seconds.
  path: Assets/Sprites/Letters/Kafeshnik2.png
  artifactKey: Guid(29133d546edbedd4ba2c99862eba0bd5) Importer(815301076,1909f56bfc062723c751e8b465ee728b)
Start importing Assets/Sprites/Letters/Kafeshnik2.png using Guid(29133d546edbedd4ba2c99862eba0bd5) Importer(815301076,1909f56bfc062723c751e8b465ee728b)  -> (artifact id: 'bfaf6ebb191e83a9849f24fd994e35ac') in 0.020014 seconds
Number of updated asset objects reloaded before import = 0
Number of asset objects unloaded after import = 3
========================================================================
Received Import Request.
  Time since last request: 0.000024 seconds.
  path: Assets/Sprites/Letters/Kathy2.png
  artifactKey: Guid(4fbbae38f9d1e424ab0d904f6838c86b) Importer(815301076,1909f56bfc062723c751e8b465ee728b)
Start importing Assets/Sprites/Letters/Kathy2.png using Guid(4fbbae38f9d1e424ab0d904f6838c86b) Importer(815301076,1909f56bfc062723c751e8b465ee728b)  -> (artifact id: '1bc59000754e11f7dde658ecc5cbec05') in 0.018411 seconds
Number of updated asset objects reloaded before import = 0
Number of asset objects unloaded after import = 3
========================================================================
Received Import Request.
  Time since last request: 0.000024 seconds.
  path: Assets/Sprites/MapSprites/KnopkaBlue.png
  artifactKey: Guid(87bd893a0bcf2b74190a1a2cf89e2f65) Importer(815301076,1909f56bfc062723c751e8b465ee728b)
Start importing Assets/Sprites/MapSprites/KnopkaBlue.png using Guid(87bd893a0bcf2b74190a1a2cf89e2f65) Importer(815301076,1909f56bfc062723c751e8b465ee728b)  -> (artifact id: '5fd8bfd98c49f76ade0ae7c0406690b2') in 0.014988 seconds
Number of updated asset objects reloaded before import = 0
Number of asset objects unloaded after import = 3
========================================================================
Received Import Request.
  Time since last request: 0.000028 seconds.
  path: Assets/Sprites/LetterInsides/LetterInsides/Kathi-Lisa/Kathy2.png
  artifactKey: Guid(2a97e6033fba45d43a4df78a97b28979) Importer(815301076,1909f56bfc062723c751e8b465ee728b)
Start importing Assets/Sprites/LetterInsides/LetterInsides/Kathi-Lisa/Kathy2.png using Guid(2a97e6033fba45d43a4df78a97b28979) Importer(815301076,1909f56bfc062723c751e8b465ee728b)  -> (artifact id: '97b74f996147db586014068f876badb3') in 0.022027 seconds
Number of updated asset objects reloaded before import = 0
Number of asset objects unloaded after import = 3
========================================================================
Received Import Request.
  Time since last request: 0.000027 seconds.
  path: Assets/Sprites/MapSprites/KnopkaYellow.png
  artifactKey: Guid(61a9c81d2d834494d8b5657a716bf4cb) Importer(815301076,1909f56bfc062723c751e8b465ee728b)
Start importing Assets/Sprites/MapSprites/KnopkaYellow.png using Guid(61a9c81d2d834494d8b5657a716bf4cb) Importer(815301076,1909f56bfc062723c751e8b465ee728b)  -> (artifact id: 'd23f19d31f7434ce23832e74baf1eb64') in 0.018826 seconds
Number of updated asset objects reloaded before import = 0
Number of asset objects unloaded after import = 3
========================================================================
Received Import Request.
  Time since last request: 0.000020 seconds.
  path: Assets/Sprites/Letters/Kathy5.png
  artifactKey: Guid(d36bdbb3f1e35d14f9e87889a950364f) Importer(815301076,1909f56bfc062723c751e8b465ee728b)
Start importing Assets/Sprites/Letters/Kathy5.png using Guid(d36bdbb3f1e35d14f9e87889a950364f) Importer(815301076,1909f56bfc062723c751e8b465ee728b)  -> (artifact id: '9912dce669a7b3ba5cac97826e0e7f88') in 0.022327 seconds
Number of updated asset objects reloaded before import = 0
Number of asset objects unloaded after import = 3
========================================================================
Received Import Request.
  Time since last request: 0.000026 seconds.
  path: Assets/Sprites/LetterInsides/LetterInsides/Journalist-Ded/Journalist6.png
  artifactKey: Guid(587674eb0ccffa24aa3a1588cca73390) Importer(815301076,1909f56bfc062723c751e8b465ee728b)
Start importing Assets/Sprites/LetterInsides/LetterInsides/Journalist-Ded/Journalist6.png using Guid(587674eb0ccffa24aa3a1588cca73390) Importer(815301076,1909f56bfc062723c751e8b465ee728b)  -> (artifact id: 'a48205815daa24720ae88d1693ccf4e1') in 0.020230 seconds
Number of updated asset objects reloaded before import = 0
Number of asset objects unloaded after import = 3
========================================================================
Received Import Request.
  Time since last request: 0.085810 seconds.
  path: Assets/Sprites/LetterInsides/LetterInsides/Kathi-Lisa/Lisa2_toStudent.png
  artifactKey: Guid(39b11a8173e74394bab194253c658508) Importer(815301076,1909f56bfc062723c751e8b465ee728b)
Start importing Assets/Sprites/LetterInsides/LetterInsides/Kathi-Lisa/Lisa2_toStudent.png using Guid(39b11a8173e74394bab194253c658508) Importer(815301076,1909f56bfc062723c751e8b465ee728b)  -> (artifact id: '0a956be363e101e428734eb75b65aa97') in 0.022567 seconds
Number of updated asset objects reloaded before import = 0
Number of asset objects unloaded after import = 3
========================================================================
Received Import Request.
  Time since last request: 0.000029 seconds.
  path: Assets/Sprites/LetterInsides/LetterInsides/Kathi-Lisa/Lisa3.png
  artifactKey: Guid(45febbc32d898c141a302df5b641e313) Importer(815301076,1909f56bfc062723c751e8b465ee728b)
Start importing Assets/Sprites/LetterInsides/LetterInsides/Kathi-Lisa/Lisa3.png using Guid(45febbc32d898c141a302df5b641e313) Importer(815301076,1909f56bfc062723c751e8b465ee728b)  -> (artifact id: '4dacefba2841f119b168b3952fa8e940') in 0.021451 seconds
Number of updated asset objects reloaded before import = 0
Number of asset objects unloaded after import = 3
========================================================================
Received Import Request.
  Time since last request: 0.000025 seconds.
  path: Assets/Sprites/MapSprites/Rounds/MapObvodka1.png
  artifactKey: Guid(361730d2139db884b9d6b0d804e0d68a) Importer(815301076,1909f56bfc062723c751e8b465ee728b)
Start importing Assets/Sprites/MapSprites/Rounds/MapObvodka1.png using Guid(361730d2139db884b9d6b0d804e0d68a) Importer(815301076,1909f56bfc062723c751e8b465ee728b)  -> (artifact id: '40d17fd793f1b1fbfb9d543673492acc') in 0.018596 seconds
Number of updated asset objects reloaded before import = 0
Number of asset objects unloaded after import = 3
========================================================================
Received Import Request.
  Time since last request: 0.000024 seconds.
  path: Assets/Sprites/MapSprites/MapNumbers.png
  artifactKey: Guid(606f4c515000cc047ade14eca52ee975) Importer(815301076,1909f56bfc062723c751e8b465ee728b)
Start importing Assets/Sprites/MapSprites/MapNumbers.png using Guid(606f4c515000cc047ade14eca52ee975) Importer(815301076,1909f56bfc062723c751e8b465ee728b)  -> (artifact id: '99db78d102bd2cb71c5ed13c4ab31a99') in 0.021585 seconds
Number of updated asset objects reloaded before import = 0
Number of asset objects unloaded after import = 3
========================================================================
Received Import Request.
  Time since last request: 0.000022 seconds.
  path: Assets/Sprites/Letters/Mother1.png
  artifactKey: Guid(8c8370fa8a1b14a458eb2ead56e53340) Importer(815301076,1909f56bfc062723c751e8b465ee728b)
Start importing Assets/Sprites/Letters/Mother1.png using Guid(8c8370fa8a1b14a458eb2ead56e53340) Importer(815301076,1909f56bfc062723c751e8b465ee728b)  -> (artifact id: 'c98c0a76038ade58ac26071bf79affbb') in 0.018654 seconds
Number of updated asset objects reloaded before import = 0
Number of asset objects unloaded after import = 3
========================================================================
Received Import Request.
  Time since last request: 0.000031 seconds.
  path: Assets/Sprites/MapSprites/MiniNote.png
  artifactKey: Guid(bbb066d1ff516a84c80a631a9aa930b9) Importer(815301076,1909f56bfc062723c751e8b465ee728b)
Start importing Assets/Sprites/MapSprites/MiniNote.png using Guid(bbb066d1ff516a84c80a631a9aa930b9) Importer(815301076,1909f56bfc062723c751e8b465ee728b)  -> (artifact id: '6b408233c8b57b2e9c47215a0ba6b20c') in 0.018029 seconds
Number of updated asset objects reloaded before import = 0
Number of asset objects unloaded after import = 3
========================================================================
Received Import Request.
  Time since last request: 0.000033 seconds.
  path: Assets/Sprites/MapSprites/Rounds/MapObvodka2.png
  artifactKey: Guid(ee0f41fed4451294f843fb22b677390a) Importer(815301076,1909f56bfc062723c751e8b465ee728b)
Start importing Assets/Sprites/MapSprites/Rounds/MapObvodka2.png using Guid(ee0f41fed4451294f843fb22b677390a) Importer(815301076,1909f56bfc062723c751e8b465ee728b)  -> (artifact id: '3f126d8115cc5f6a079497eef115fd9f') in 0.017256 seconds
Number of updated asset objects reloaded before import = 0
Number of asset objects unloaded after import = 3
========================================================================
Received Import Request.
  Time since last request: 0.000021 seconds.
  path: Assets/Sprites/MapSprites/MiniNote1.png
  artifactKey: Guid(a3593efb0f7b6304c9baab1109f8a6f2) Importer(815301076,1909f56bfc062723c751e8b465ee728b)
Start importing Assets/Sprites/MapSprites/MiniNote1.png using Guid(a3593efb0f7b6304c9baab1109f8a6f2) Importer(815301076,1909f56bfc062723c751e8b465ee728b)  -> (artifact id: '7d89d2445da411eca78aa7c064aaebeb') in 0.020321 seconds
Number of updated asset objects reloaded before import = 0
Number of asset objects unloaded after import = 3
========================================================================
Received Import Request.
  Time since last request: 0.396711 seconds.
  path: Assets/Sprites/Letters/Mother2.png
  artifactKey: Guid(0c082915c7c997f41a4361bb22e41d60) Importer(815301076,1909f56bfc062723c751e8b465ee728b)
Start importing Assets/Sprites/Letters/Mother2.png using Guid(0c082915c7c997f41a4361bb22e41d60) Importer(815301076,1909f56bfc062723c751e8b465ee728b)  -> (artifact id: '321e5fb0f0210b1453b19af2143c77b3') in 0.023518 seconds
Number of updated asset objects reloaded before import = 0
Number of asset objects unloaded after import = 3
========================================================================
Received Import Request.
  Time since last request: 0.000028 seconds.
  path: Assets/Sprites/UI Sprites/NextButtonHorizontal.png
  artifactKey: Guid(c8b5390932258e947a79d593238216eb) Importer(815301076,1909f56bfc062723c751e8b465ee728b)
Start importing Assets/Sprites/UI Sprites/NextButtonHorizontal.png using Guid(c8b5390932258e947a79d593238216eb) Importer(815301076,1909f56bfc062723c751e8b465ee728b)  -> (artifact id: '502c4a5d21a3c9346de1c6efad635af2') in 0.022674 seconds
Number of updated asset objects reloaded before import = 0
Number of asset objects unloaded after import = 3
========================================================================
Received Import Request.
  Time since last request: 0.000037 seconds.
  path: Assets/Sprites/LetterInsides/LetterInsides/PrepodMatStudet/Mother4.png
  artifactKey: Guid(bcba6037e772f094db59d6a468e82514) Importer(815301076,1909f56bfc062723c751e8b465ee728b)
Start importing Assets/Sprites/LetterInsides/LetterInsides/PrepodMatStudet/Mother4.png using Guid(bcba6037e772f094db59d6a468e82514) Importer(815301076,1909f56bfc062723c751e8b465ee728b)  -> (artifact id: '9b34a2ae1888d7eb1c0cbbbc690ccf7a') in 0.024881 seconds
Number of updated asset objects reloaded before import = 0
Number of asset objects unloaded after import = 3
========================================================================
Received Prepare
Refreshing native plugins compatible for Editor in 11.59 ms, found 4 plugins.
Preloading 0 native plugins for Editor in 0.00 ms.
Unloading 18 Unused Serialized files (Serialized files now loaded: 0)
Unloading 18 unused Assets / (0.7 MB). Loaded Objects now: 6596.
Memory consumption went from 115.2 MB to 114.5 MB.
Total: 9.251800 ms (FindLiveObjects: 0.988000 ms CreateObjectMapping: 0.244700 ms MarkObjects: 7.522900 ms  DeleteObjects: 0.494600 ms)

Prepare: number of updated asset objects reloaded= 1
AssetImportParameters requested are different than current active one (requested -> active):
  custom:container-demuxer-ogg: 62fdf1f143b41e24485cea50d1cbac27 -> 
  custom:video-codec-MediaFoundation-h265: 746d11721c4dcdbdad8f713fa42b33f4 -> 
  custom:video-decoder-ogg-theora: a1e56fd34408186e4bbccfd4996cb3dc -> 
  custom:framework-win-MediaFoundation: 216162199b28c13a410421893ffa2e32 -> 
  custom:CustomObjectIndexerAttribute: 72b91833f83ae208fae7752999fa3104 -> 
  custom:container-demuxer-webm: 4f35f7cbe854078d1ac9338744f61a02 -> 
  custom:container-muxer-webm: aa71ff27fc2769a1b78a27578f13a17b -> 
  custom:video-decoder-webm-vp8: 9c59270c3fd7afecdb556c50c9e8de78 -> 
  custom:SearchIndexIgnoredProperties: e643bd26f0fe6173181afceb89e7c659 -> 
  custom:AudioImporter_EditorPlatform: d09bf68614088b80899f8185d706f6e7 -> 
  custom:video-encoder-webm-vp8: eb34c28f22e8b96e1ab97ce403110664 -> 
  custom:audio-decoder-ogg-vorbis: bf7c407c2cedff20999df2af8eb42d56 -> 
  custom:audio-encoder-webm-vorbis: bf7c407c2cedff20999df2af8eb42d56 -> 
